Run options: 

# Running tests:

E

Finished tests in 0.171804s, 5.8206 tests/s, 0.0000 assertions/s.

  1) Error:
test_should_get_index(AdminControllerTest):
ActiveRecord::StatementInvalid: SQLite3::SQLException: table subcategories has no column named subcategory_id: INSERT INTO "subcategories" ("name", "category_id", "subcategory_id", "created_at", "updated_at", "id") VALUES ('MyString', 1, 1, '2013-08-07 06:49:18', '2013-08-07 06:49:18', 980190962)
    /var/lib/gems/1.9.1/gems/sqlite3-1.3.7/lib/sqlite3/database.rb:91:in `initialize'
    /var/lib/gems/1.9.1/gems/sqlite3-1.3.7/lib/sqlite3/database.rb:91:in `new'
    /var/lib/gems/1.9.1/gems/sqlite3-1.3.7/lib/sqlite3/database.rb:91:in `prepare'
    /var/lib/gems/1.9.1/gems/sqlite3-1.3.7/lib/sqlite3/database.rb:134:in `execute'
    /var/lib/gems/1.9.1/gems/activerecord-3.2.13/lib/active_record/connection_adapters/sqlite_adapter.rb:278:in `block in execute'
    /var/lib/gems/1.9.1/gems/activerecord-3.2.13/lib/active_record/connection_adapters/abstract_adapter.rb:280:in `block in log'
    /var/lib/gems/1.9.1/gems/activesupport-3.2.13/lib/active_support/notifications/instrumenter.rb:20:in `instrument'
    /var/lib/gems/1.9.1/gems/activerecord-3.2.13/lib/active_record/connection_adapters/abstract_adapter.rb:275:in `log'
    /var/lib/gems/1.9.1/gems/activerecord-3.2.13/lib/active_record/connection_adapters/sqlite_adapter.rb:278:in `execute'
    /var/lib/gems/1.9.1/gems/activerecord-3.2.13/lib/active_record/connection_adapters/abstract/database_statements.rb:277:in `insert_fixture'
    /var/lib/gems/1.9.1/gems/activerecord-3.2.13/lib/active_record/fixtures.rb:502:in `block (5 levels) in create_fixtures'
    /var/lib/gems/1.9.1/gems/activerecord-3.2.13/lib/active_record/fixtures.rb:501:in `each'
    /var/lib/gems/1.9.1/gems/activerecord-3.2.13/lib/active_record/fixtures.rb:501:in `block (4 levels) in create_fixtures'
    /var/lib/gems/1.9.1/gems/activerecord-3.2.13/lib/active_record/fixtures.rb:500:in `each'
    /var/lib/gems/1.9.1/gems/activerecord-3.2.13/lib/active_record/fixtures.rb:500:in `block (3 levels) in create_fixtures'
    /var/lib/gems/1.9.1/gems/activerecord-3.2.13/lib/active_record/fixtures.rb:492:in `each'
    /var/lib/gems/1.9.1/gems/activerecord-3.2.13/lib/active_record/fixtures.rb:492:in `block (2 levels) in create_fixtures'
    /var/lib/gems/1.9.1/gems/activerecord-3.2.13/lib/active_record/connection_adapters/abstract/database_statements.rb:192:in `transaction'
    /var/lib/gems/1.9.1/gems/activerecord-3.2.13/lib/active_record/fixtures.rb:491:in `block in create_fixtures'
    /var/lib/gems/1.9.1/gems/activerecord-3.2.13/lib/active_record/connection_adapters/abstract_adapter.rb:168:in `disable_referential_integrity'
    /var/lib/gems/1.9.1/gems/activerecord-3.2.13/lib/active_record/fixtures.rb:476:in `create_fixtures'
    /var/lib/gems/1.9.1/gems/activerecord-3.2.13/lib/active_record/fixtures.rb:895:in `load_fixtures'
    /var/lib/gems/1.9.1/gems/activerecord-3.2.13/lib/active_record/fixtures.rb:849:in `setup_fixtures'
    /var/lib/gems/1.9.1/gems/activesupport-3.2.13/lib/active_support/callbacks.rb:429:in `_run__986702494__setup__242873303__callbacks'
    /var/lib/gems/1.9.1/gems/activesupport-3.2.13/lib/active_support/callbacks.rb:405:in `__run_callback'
    /var/lib/gems/1.9.1/gems/activesupport-3.2.13/lib/active_support/callbacks.rb:385:in `_run_setup_callbacks'
    /var/lib/gems/1.9.1/gems/activesupport-3.2.13/lib/active_support/callbacks.rb:81:in `run_callbacks'
    /var/lib/gems/1.9.1/gems/activesupport-3.2.13/lib/active_support/testing/setup_and_teardown.rb:35:in `run'

1 tests, 0 assertions, 0 failures, 1 errors, 0 skips
